<?xml version="1.0" encoding="UTF-8"?>
<!-- Generated by org.testng.reporters.JUnitXMLReporter -->
<testsuite ignored="0" hostname="Dayanands-MacBook-Air.local" failures="0" tests="8" name="firefox" time="179.7" errors="0" timestamp="2025-04-10T22:50:40 IST">
  <testcase classname="testCases.TC001_OpenKartFirstTestCase" name="testOpenKart" time="118.839"/>
  <testcase classname="testCases.TC002_OpenKartLogin" name="verify_Login" time="18.289"/>
  <testcase classname="testCases.TC003_LoginDDT" name="verify_loginDDT" time="6.164"/>
  <testcase classname="testCases.TC003_LoginDDT" name="verify_loginDDT" time="4.758"/>
  <testcase classname="testCases.TC003_LoginDDT" name="verify_loginDDT" time="4.89"/>
  <testcase classname="testCases.TC003_LoginDDT" name="verify_loginDDT" time="4.372"/>
  <testcase classname="testCases.TC003_LoginDDT" name="verify_loginDDT" time="4.788"/>
  <testcase classname="testCases.TC003_LoginDDT" name="verify_loginDDT" time="5.827"/>
</testsuite> <!-- firefox -->
