<?xml version="1.0" encoding="UTF-8"?>
<!-- Generated by org.testng.reporters.JUnitXMLReporter -->
<testsuite ignored="0" hostname="Dayanands-MacBook-Air.local" failures="0" tests="8" name="Test" time="262.12" errors="0" timestamp="2025-04-08T16:39:47 IST">
  <testcase classname="testCases.TC001_OpenKartFirstTestCase" name="testOpenKart" time="125.149"/>
  <testcase classname="testCases.TC002_OpenKartLogin" name="verify_Login" time="22.497"/>
  <testcase classname="testCases.TC003_LoginDDT" name="verify_loginDDT" time="10.117"/>
  <testcase classname="testCases.TC003_LoginDDT" name="verify_loginDDT" time="6.947"/>
  <testcase classname="testCases.TC003_LoginDDT" name="verify_loginDDT" time="6.435"/>
  <testcase classname="testCases.TC003_LoginDDT" name="verify_loginDDT" time="4.498"/>
  <testcase classname="testCases.TC003_LoginDDT" name="verify_loginDDT" time="5.002"/>
  <testcase classname="testCases.TC003_LoginDDT" name="verify_loginDDT" time="4.459"/>
</testsuite> <!-- Test -->
