<?xml version="1.0" encoding="UTF-8"?>
<testng-results ignored="0" total="2" passed="2" failed="0" skipped="0">
  <reporter-output>
  </reporter-output>
  <suite started-at="2025-04-11T15:44:50 IST" name="Suite" finished-at="2025-04-11T15:47:08 IST" duration-ms="138748">
    <groups>
      <group name="Master">
        <method signature="TC001_OpenKartFirstTestCase.testOpenKart()[pri:0, instance:testCases.TC001_OpenKartFirstTestCase@2b662a77]" name="testOpenKart" class="testCases.TC001_OpenKartFirstTestCase"/>
        <method signature="TC002_OpenKartLogin.verify_Login()[pri:0, instance:testCases.TC002_OpenKartLogin@4550bb58]" name="verify_Login" class="testCases.TC002_OpenKartLogin"/>
      </group> <!-- Master -->
      <group name="Regression">
        <method signature="TC002_OpenKartLogin.verify_Login()[pri:0, instance:testCases.TC002_OpenKartLogin@4550bb58]" name="verify_Login" class="testCases.TC002_OpenKartLogin"/>
      </group> <!-- Regression -->
      <group name="sanity">
        <method signature="TC001_OpenKartFirstTestCase.testOpenKart()[pri:0, instance:testCases.TC001_OpenKartFirstTestCase@2b662a77]" name="testOpenKart" class="testCases.TC001_OpenKartFirstTestCase"/>
      </group> <!-- sanity -->
    </groups>
    <test started-at="2025-04-11T15:44:50 IST" name="Test" finished-at="2025-04-11T15:47:08 IST" duration-ms="138748">
      <class name="testCases.TC002_OpenKartLogin">
        <test-method is-config="true" signature="setUp(java.lang.String,java.lang.String)[pri:0, instance:testCases.TC002_OpenKartLogin@4550bb58]" started-at="2025-04-11T15:46:51 IST" name="setUp" finished-at="2025-04-11T15:46:52 IST" duration-ms="1266" status="PASS">
          <params>
            <param index="0">
              <value>
                <![CDATA[mac]]>
              </value>
            </param>
            <param index="1">
              <value>
                <![CDATA[chrome]]>
              </value>
            </param>
          </params>
          <reporter-output>
          </reporter-output>
        </test-method> <!-- setUp -->
        <test-method signature="verify_Login()[pri:0, instance:testCases.TC002_OpenKartLogin@4550bb58]" started-at="2025-04-11T15:46:52 IST" name="verify_Login" finished-at="2025-04-11T15:47:08 IST" duration-ms="16158" status="PASS">
          <reporter-output>
          </reporter-output>
        </test-method> <!-- verify_Login -->
        <test-method is-config="true" signature="tearDown()[pri:0, instance:testCases.TC002_OpenKartLogin@4550bb58]" started-at="2025-04-11T15:47:08 IST" name="tearDown" finished-at="2025-04-11T15:47:08 IST" duration-ms="137" status="PASS">
          <reporter-output>
          </reporter-output>
        </test-method> <!-- tearDown -->
      </class> <!-- testCases.TC002_OpenKartLogin -->
      <class name="testCases.TC001_OpenKartFirstTestCase">
        <test-method is-config="true" signature="setUp(java.lang.String,java.lang.String)[pri:0, instance:testCases.TC001_OpenKartFirstTestCase@2b662a77]" started-at="2025-04-11T15:44:50 IST" name="setUp" finished-at="2025-04-11T15:44:53 IST" duration-ms="3631" status="PASS">
          <params>
            <param index="0">
              <value>
                <![CDATA[mac]]>
              </value>
            </param>
            <param index="1">
              <value>
                <![CDATA[chrome]]>
              </value>
            </param>
          </params>
          <reporter-output>
          </reporter-output>
        </test-method> <!-- setUp -->
        <test-method signature="testOpenKart()[pri:0, instance:testCases.TC001_OpenKartFirstTestCase@2b662a77]" started-at="2025-04-11T15:44:53 IST" name="testOpenKart" finished-at="2025-04-11T15:46:51 IST" duration-ms="117205" status="PASS">
          <reporter-output>
          </reporter-output>
        </test-method> <!-- testOpenKart -->
        <test-method is-config="true" signature="tearDown()[pri:0, instance:testCases.TC001_OpenKartFirstTestCase@2b662a77]" started-at="2025-04-11T15:46:51 IST" name="tearDown" finished-at="2025-04-11T15:46:51 IST" duration-ms="218" status="PASS">
          <reporter-output>
          </reporter-output>
        </test-method> <!-- tearDown -->
      </class> <!-- testCases.TC001_OpenKartFirstTestCase -->
    </test> <!-- Test -->
  </suite> <!-- Suite -->
</testng-results>
